# JRE version: OpenJDK Runtime Environment (21.0.6) (build 21.0.6+-13368085-b895.109)
# Java VM: OpenJDK 64-Bit Server VM (21.0.6+-13368085-b895.109, mixed mode, tiered, compressed oops, compressed class ptrs, g1 gc, windows-amd64)
GC Precious Log:
 CardTable entry size: 512
 Card Set container configuration: InlinePtr #cards 5 size 8 Array Of Cards #cards 12 size 40 Howl #buckets 4 coarsen threshold 1843 Howl Bitmap #cards 512 size 80 coarsen threshold 460 Card regions per heap region 1 cards per card region 2048
 CPUs: 4 total, 4 available
 Memory: 16319M
 Large Page Support: Disabled
 NUMA Support: Disabled
 Compressed Oops: Enabled (32-bit)
 Heap Region Size: 1M
 Heap Min Capacity: 8M
 Heap Initial Capacity: 256M
 Heap Max Capacity: 2G
 Pre-touch: Disabled
 Parallel Workers: 4
 Concurrent Workers: 1
 Concurrent Refinement Workers: 4
 Periodic GC: Disabled
Heap:
 garbage-first heap   total 392192K, used 222739K [0x0000000080000000, 0x0000000100000000)
  region size 1024K, 16 young (16384K), 13 survivors (13312K)
 Metaspace       used 140803K, committed 143168K, reserved 1179648K
  class space    used 18953K, committed 20160K, reserved 1048576K
GC Heap History (20 events):
Event: 51.665 GC heap before
{Heap before GC invocations=91 (full 0):
 garbage-first heap   total 392192K, used 361766K [0x0000000080000000, 0x0000000100000000)
  region size 1024K, 154 young (157696K), 9 survivors (9216K)
 Metaspace       used 138428K, committed 140800K, reserved 1179648K
  class space    used 18638K, committed 19840K, reserved 1048576K
}
Event: 51.674 GC heap after
{Heap after GC invocations=92 (full 0):
 garbage-first heap   total 392192K, used 214364K [0x0000000080000000, 0x0000000100000000)
  region size 1024K, 10 young (10240K), 10 survivors (10240K)
 Metaspace       used 138428K, committed 140800K, reserved 1179648K
  class space    used 18638K, committed 19840K, reserved 1048576K
}
Event: 53.017 GC heap before
{Heap before GC invocations=93 (full 0):
 garbage-first heap   total 392192K, used 360796K [0x0000000080000000, 0x0000000100000000)
  region size 1024K, 153 young (156672K), 10 survivors (10240K)
 Metaspace       used 138431K, committed 140800K, reserved 1179648K
  class space    used 18638K, committed 19840K, reserved 1048576K
}
Event: 53.026 GC heap after
{Heap after GC invocations=94 (full 0):
 garbage-first heap   total 392192K, used 215010K [0x0000000080000000, 0x0000000100000000)
  region size 1024K, 11 young (11264K), 11 survivors (11264K)
 Metaspace       used 138431K, committed 140800K, reserved 1179648K
  class space    used 18638K, committed 19840K, reserved 1048576K
}
Event: 53.627 GC heap before
{Heap before GC invocations=94 (full 0):
 garbage-first heap   total 392192K, used 359394K [0x0000000080000000, 0x0000000100000000)
  region size 1024K, 152 young (155648K), 11 survivors (11264K)
 Metaspace       used 138436K, committed 140800K, reserved 1179648K
  class space    used 18638K, committed 19840K, reserved 1048576K
}
Event: 53.639 GC heap after
{Heap after GC invocations=95 (full 0):
 garbage-first heap   total 392192K, used 212215K [0x0000000080000000, 0x0000000100000000)
  region size 1024K, 7 young (7168K), 7 survivors (7168K)
 Metaspace       used 138436K, committed 140800K, reserved 1179648K
  class space    used 18638K, committed 19840K, reserved 1048576K
}
Event: 54.187 GC heap before
{Heap before GC invocations=95 (full 0):
 garbage-first heap   total 392192K, used 363767K [0x0000000080000000, 0x0000000100000000)
  region size 1024K, 155 young (158720K), 7 survivors (7168K)
 Metaspace       used 139102K, committed 141504K, reserved 1179648K
  class space    used 18739K, committed 19968K, reserved 1048576K
}
Event: 54.194 GC heap after
{Heap after GC invocations=96 (full 0):
 garbage-first heap   total 392192K, used 212762K [0x0000000080000000, 0x0000000100000000)
  region size 1024K, 7 young (7168K), 7 survivors (7168K)
 Metaspace       used 139102K, committed 141504K, reserved 1179648K
  class space    used 18739K, committed 19968K, reserved 1048576K
}
Event: 54.901 GC heap before
{Heap before GC invocations=97 (full 0):
 garbage-first heap   total 392192K, used 364314K [0x0000000080000000, 0x0000000100000000)
  region size 1024K, 155 young (158720K), 7 survivors (7168K)
 Metaspace       used 139768K, committed 142080K, reserved 1179648K
  class space    used 18850K, committed 20032K, reserved 1048576K
}
Event: 54.909 GC heap after
{Heap after GC invocations=98 (full 0):
 garbage-first heap   total 392192K, used 213413K [0x0000000080000000, 0x0000000100000000)
  region size 1024K, 8 young (8192K), 8 survivors (8192K)
 Metaspace       used 139768K, committed 142080K, reserved 1179648K
  class space    used 18850K, committed 20032K, reserved 1048576K
}
Event: 55.229 GC heap before
{Heap before GC invocations=98 (full 0):
 garbage-first heap   total 392192K, used 362917K [0x0000000080000000, 0x0000000100000000)
  region size 1024K, 154 young (157696K), 8 survivors (8192K)
 Metaspace       used 140082K, committed 142400K, reserved 1179648K
  class space    used 18887K, committed 20096K, reserved 1048576K
}
Event: 55.240 GC heap after
{Heap after GC invocations=99 (full 0):
 garbage-first heap   total 392192K, used 212175K [0x0000000080000000, 0x0000000100000000)
  region size 1024K, 10 young (10240K), 10 survivors (10240K)
 Metaspace       used 140082K, committed 142400K, reserved 1179648K
  class space    used 18887K, committed 20096K, reserved 1048576K
}
Event: 55.517 GC heap before
{Heap before GC invocations=99 (full 0):
 garbage-first heap   total 392192K, used 359631K [0x0000000080000000, 0x0000000100000000)
  region size 1024K, 155 young (158720K), 10 survivors (10240K)
 Metaspace       used 140190K, committed 142528K, reserved 1179648K
  class space    used 18895K, committed 20096K, reserved 1048576K
}
Event: 55.526 GC heap after
{Heap after GC invocations=100 (full 0):
 garbage-first heap   total 392192K, used 212891K [0x0000000080000000, 0x0000000100000000)
  region size 1024K, 11 young (11264K), 11 survivors (11264K)
 Metaspace       used 140190K, committed 142528K, reserved 1179648K
  class space    used 18895K, committed 20096K, reserved 1048576K
}
Event: 56.336 GC heap before
{Heap before GC invocations=101 (full 0):
 garbage-first heap   total 392192K, used 359323K [0x0000000080000000, 0x0000000100000000)
  region size 1024K, 154 young (157696K), 11 survivors (11264K)
 Metaspace       used 140354K, committed 142656K, reserved 1179648K
  class space    used 18912K, committed 20096K, reserved 1048576K
}
Event: 56.351 GC heap after
{Heap after GC invocations=102 (full 0):
 garbage-first heap   total 392192K, used 213335K [0x0000000080000000, 0x0000000100000000)
  region size 1024K, 11 young (11264K), 11 survivors (11264K)
 Metaspace       used 140354K, committed 142656K, reserved 1179648K
  class space    used 18912K, committed 20096K, reserved 1048576K
}
Event: 56.961 GC heap before
{Heap before GC invocations=102 (full 0):
 garbage-first heap   total 392192K, used 360791K [0x0000000080000000, 0x0000000100000000)
  region size 1024K, 154 young (157696K), 11 survivors (11264K)
 Metaspace       used 140735K, committed 143040K, reserved 1179648K
  class space    used 18950K, committed 20160K, reserved 1048576K
}
Event: 56.978 GC heap after
{Heap after GC invocations=103 (full 0):
 garbage-first heap   total 392192K, used 215893K [0x0000000080000000, 0x0000000100000000)
  region size 1024K, 15 young (15360K), 15 survivors (15360K)
 Metaspace       used 140735K, committed 143040K, reserved 1179648K
  class space    used 18950K, committed 20160K, reserved 1048576K
}
Event: 57.150 GC heap before
{Heap before GC invocations=103 (full 0):
 garbage-first heap   total 392192K, used 252757K [0x0000000080000000, 0x0000000100000000)
  region size 1024K, 53 young (54272K), 15 survivors (15360K)
 Metaspace       used 140799K, committed 143168K, reserved 1179648K
  class space    used 18953K, committed 20160K, reserved 1048576K
}
Event: 57.164 GC heap after
{Heap after GC invocations=104 (full 0):
 garbage-first heap   total 392192K, used 218643K [0x0000000080000000, 0x0000000100000000)
  region size 1024K, 13 young (13312K), 13 survivors (13312K)
 Metaspace       used 140799K, committed 143168K, reserved 1179648K
  class space    used 18953K, committed 20160K, reserved 1048576K
}

